<?xml version="1.0" encoding="UTF-8"?>
<testng-results ignored="0" total="1" passed="1" failed="0" skipped="0">
  <reporter-output>
  </reporter-output>
  <suite started-at="2023-01-21T12:26:13 IST" name="Default suite" finished-at="2023-01-21T12:26:34 IST" duration-ms="20582">
    <groups>
    </groups>
    <test started-at="2023-01-21T12:26:13 IST" name="Default test" finished-at="2023-01-21T12:26:34 IST" duration-ms="20582">
      <class name="newSeleniumConcepts.GetRect">
        <test-method signature="getRect()[pri:0, instance:newSeleniumConcepts.GetRect@514646ef]" started-at="2023-01-21T12:26:13 IST" name="getRect" finished-at="2023-01-21T12:26:34 IST" duration-ms="20431" status="PASS">
          <reporter-output>
          </reporter-output>
        </test-method> <!-- getRect -->
      </class> <!-- newSeleniumConcepts.GetRect -->
    </test> <!-- Default test -->
  </suite> <!-- Default suite -->
</testng-results>
